<?xml version="1.0" encoding="UTF-8"?>
<!-- Generated by org.testng.reporters.JUnitReportReporter -->
<testsuite hostname="INHYLP0031" failures="0" tests="1" name="Test.Test_AddGiftCustomCode" time="49.881" errors="0" timestamp="2023-09-26T17:30:27 IST" skipped="0">
  <testcase classname="Test.Test_AddGiftCustomCode" name="execute" time="49.881"/>
  <system-out/>
</testsuite> <!-- Test.Test_AddGiftCustomCode -->
